<?xml version="1.0" encoding="UTF-8"?>
<!-- Generated by org.testng.reporters.JUnitReportReporter -->
<testsuite hostname="DESKTOP-B3DFAUD" failures="0" tests="1" name="test.Reg_Test" time="24.089" errors="0" timestamp="2023-07-21T22:07:14 IST" skipped="0">
  <testcase classname="test.Reg_Test" name="registration" time="24.089"/>
</testsuite> <!-- test.Reg_Test -->
