<?xml version="1.0" encoding="UTF-8"?>
<!-- Generated by org.testng.reporters.JUnitReportReporter -->
<testsuite hostname="DESKTOP-B3DFAUD" failures="0" tests="1" name="test.AddtoCart_Test" time="31.850" errors="0" timestamp="2023-07-21T22:07:14 IST" skipped="0">
  <testcase classname="test.AddtoCart_Test" name="addtoCart" time="31.850"/>
</testsuite> <!-- test.AddtoCart_Test -->
